<?xml version="1.0" encoding="UTF-8"?>
<testng-results ignored="0" total="1" passed="1" failed="0" skipped="0">
  <reporter-output>
  </reporter-output>
  <suite started-at="2024-10-18T21:47:08 EET" name="Default suite" finished-at="2024-10-18T21:47:56 EET" duration-ms="47475">
    <groups>
    </groups>
    <test started-at="2024-10-18T21:47:08 EET" name="Default test" finished-at="2024-10-18T21:47:56 EET" duration-ms="47475">
      <class name="Storetest">
        <test-method is-config="true" signature="setup()[pri:0, instance:Storetest@10ded6a9]" started-at="2024-10-18T21:47:08 EET" name="setup" finished-at="2024-10-18T21:47:32 EET" duration-ms="24212" status="PASS">
          <reporter-output>
          </reporter-output>
        </test-method> <!-- setup -->
        <test-method signature="signup()[pri:1, instance:Storetest@10ded6a9]" started-at="2024-10-18T21:47:33 EET" name="signup" finished-at="2024-10-18T21:47:56 EET" duration-ms="23021" status="PASS">
          <reporter-output>
          </reporter-output>
        </test-method> <!-- signup -->
      </class> <!-- Storetest -->
    </test> <!-- Default test -->
  </suite> <!-- Default suite -->
</testng-results>
